TN:
SF:src/BaseDeDatos/dataBase.ts
FNF:0
FNH:0
DA:1,1
DA:2,1
DA:3,1
DA:4,1
DA:5,1
DA:6,1
DA:7,1
DA:17,1
DA:19,1
DA:21,1
DA:23,1
DA:25,1
DA:29,1
DA:31,1
DA:33,1
DA:35,1
DA:37,1
DA:41,1
DA:43,1
DA:45,1
DA:47,1
DA:49,1
DA:53,1
DA:55,1
DA:57,1
DA:59,1
DA:61,1
DA:65,1
DA:67,1
DA:69,1
DA:71,1
DA:73,1
DA:77,1
DA:79,1
DA:81,1
DA:83,1
DA:85,1
DA:89,1
DA:91,1
DA:93,1
DA:95,1
DA:97,1
DA:101,1
DA:103,1
DA:105,1
DA:107,1
DA:109,1
DA:113,1
DA:115,1
DA:117,1
DA:119,1
DA:121,1
DA:125,1
DA:127,1
DA:129,1
DA:131,1
DA:133,1
DA:136,1
DA:138,1
DA:140,1
DA:142,1
DA:144,1
DA:146,1
DA:148,1
DA:150,1
DA:152,1
DA:154,1
DA:156,1
DA:158,1
DA:160,1
DA:162,1
DA:165,1
DA:167,1
DA:169,1
DA:171,1
DA:173,1
DA:175,1
DA:177,1
DA:179,1
DA:181,1
DA:184,1
DA:187,1
DA:190,1
DA:193,1
DA:195,1
DA:199,1
DA:201,1
DA:203,1
DA:205,1
DA:207,1
DA:209,1
DA:211,1
DA:213,1
DA:215,1
DA:217,1
DA:220,1
DA:222,1
DA:224,1
DA:226,1
DA:229,1
DA:231,1
LF:101
LH:101
BRF:0
BRH:0
end_of_record
TN:
SF:src/BaseDeDatos/dbManager.ts
FN:35,(anonymous_1)
FN:41,(anonymous_2)
FN:56,(anonymous_3)
FN:59,(anonymous_4)
FN:78,(anonymous_5)
FN:87,(anonymous_6)
FN:92,(anonymous_7)
FN:101,(anonymous_8)
FN:119,(anonymous_9)
FN:127,(anonymous_10)
FN:135,(anonymous_11)
FN:143,(anonymous_12)
FN:151,(anonymous_13)
FNF:13
FNH:4
FNDA:1,(anonymous_1)
FNDA:0,(anonymous_2)
FNDA:0,(anonymous_3)
FNDA:0,(anonymous_4)
FNDA:0,(anonymous_5)
FNDA:0,(anonymous_6)
FNDA:0,(anonymous_7)
FNDA:0,(anonymous_8)
FNDA:0,(anonymous_9)
FNDA:0,(anonymous_10)
FNDA:1,(anonymous_11)
FNDA:1,(anonymous_12)
FNDA:1,(anonymous_13)
DA:1,1
DA:2,1
DA:3,1
DA:4,1
DA:5,1
DA:6,1
DA:7,1
DA:8,1
DA:9,1
DA:24,1
DA:35,1
DA:36,1
DA:37,1
DA:38,0
DA:40,0
DA:41,0
DA:42,0
DA:44,0
DA:45,0
DA:47,0
DA:49,1
DA:51,1
DA:52,0
DA:53,0
DA:54,0
DA:56,0
DA:57,0
DA:58,0
DA:59,0
DA:60,0
DA:61,0
DA:62,0
DA:64,0
DA:65,0
DA:66,0
DA:68,0
DA:70,1
DA:72,1
DA:73,0
DA:74,0
DA:75,0
DA:76,0
DA:78,0
DA:79,0
DA:80,0
DA:82,0
DA:84,0
DA:85,0
DA:87,0
DA:88,0
DA:89,0
DA:90,0
DA:91,0
DA:92,0
DA:93,0
DA:94,0
DA:95,0
DA:97,0
DA:99,0
DA:101,0
DA:102,0
DA:103,0
DA:104,0
DA:106,0
DA:107,0
DA:108,0
DA:110,0
DA:112,1
DA:120,0
DA:121,0
DA:128,0
DA:136,1
DA:144,1
DA:152,1
LF:74
LH:21
BRDA:37,0,0,0
BRDA:37,0,1,1
BRDA:51,1,0,0
BRDA:51,1,1,1
BRDA:72,2,0,0
BRDA:72,2,1,1
BRDA:79,3,0,0
BRDA:79,3,1,0
BRF:8
BRH:3
end_of_record
TN:
SF:src/Estructura/album.ts
FN:28,(anonymous_0)
FN:45,(anonymous_1)
FN:47,(anonymous_2)
FN:49,(anonymous_3)
FN:50,(anonymous_4)
FN:68,(anonymous_5)
FN:76,(anonymous_6)
FN:84,(anonymous_7)
FN:92,(anonymous_8)
FN:100,(anonymous_9)
FN:108,(anonymous_10)
FN:116,(anonymous_11)
FN:124,(anonymous_12)
FN:132,(anonymous_13)
FN:140,(anonymous_14)
FN:148,(anonymous_15)
FN:156,(anonymous_16)
FN:158,(anonymous_17)
FN:168,(anonymous_18)
FN:181,(anonymous_19)
FN:186,(anonymous_20)
FN:188,(anonymous_21)
FNF:22
FNH:19
FNDA:18,(anonymous_0)
FNDA:18,(anonymous_1)
FNDA:66,(anonymous_2)
FNDA:78,(anonymous_3)
FNDA:347,(anonymous_4)
FNDA:0,(anonymous_5)
FNDA:4,(anonymous_6)
FNDA:21,(anonymous_7)
FNDA:4,(anonymous_8)
FNDA:38,(anonymous_9)
FNDA:5,(anonymous_10)
FNDA:1,(anonymous_11)
FNDA:1,(anonymous_12)
FNDA:1,(anonymous_13)
FNDA:1,(anonymous_14)
FNDA:1,(anonymous_15)
FNDA:0,(anonymous_16)
FNDA:0,(anonymous_17)
FNDA:1,(anonymous_18)
FNDA:2,(anonymous_19)
FNDA:2,(anonymous_20)
FNDA:4,(anonymous_21)
DA:2,1
DA:18,1
DA:22,18
DA:29,18
DA:30,18
DA:31,18
DA:32,18
DA:34,18
DA:35,18
DA:37,0
DA:46,18
DA:47,18
DA:48,66
DA:49,66
DA:50,78
DA:51,347
DA:52,73
DA:56,66
DA:57,62
DA:59,66
DA:69,0
DA:77,4
DA:85,21
DA:93,4
DA:101,38
DA:109,5
DA:117,1
DA:125,1
DA:133,1
DA:141,1
DA:149,1
DA:157,0
DA:158,0
DA:159,0
DA:161,0
DA:169,1
DA:176,1
DA:181,2
DA:187,2
DA:188,2
DA:189,4
DA:191,2
DA:197,2
DA:198,2
LF:44
LH:38
BRDA:28,0,0,18
BRDA:34,1,0,18
BRDA:34,1,1,0
BRDA:48,2,0,66
BRDA:48,2,1,0
BRDA:51,3,0,73
BRDA:51,3,1,274
BRDA:56,4,0,62
BRDA:56,4,1,4
BRF:9
BRH:7
end_of_record
TN:
SF:src/Estructura/artistas.ts
FN:32,(anonymous_0)
FN:51,(anonymous_1)
FN:53,(anonymous_2)
FN:55,(anonymous_3)
FN:56,(anonymous_4)
FN:74,(anonymous_5)
FN:76,(anonymous_6)
FN:78,(anonymous_7)
FN:79,(anonymous_8)
FN:96,(anonymous_9)
FN:104,(anonymous_10)
FN:112,(anonymous_11)
FN:120,(anonymous_12)
FN:128,(anonymous_13)
FN:136,(anonymous_14)
FN:144,(anonymous_15)
FN:152,(anonymous_16)
FN:160,(anonymous_17)
FN:168,(anonymous_18)
FN:176,(anonymous_19)
FN:184,(anonymous_20)
FN:192,(anonymous_21)
FN:200,(anonymous_22)
FN:213,(anonymous_23)
FN:219,(anonymous_24)
FNF:25
FNH:24
FNDA:11,(anonymous_0)
FNDA:11,(anonymous_1)
FNDA:40,(anonymous_2)
FNDA:45,(anonymous_3)
FNDA:190,(anonymous_4)
FNDA:11,(anonymous_5)
FNDA:11,(anonymous_6)
FNDA:44,(anonymous_7)
FNDA:186,(anonymous_8)
FNDA:4,(anonymous_9)
FNDA:4,(anonymous_10)
FNDA:4,(anonymous_11)
FNDA:5,(anonymous_12)
FNDA:5,(anonymous_13)
FNDA:3,(anonymous_14)
FNDA:0,(anonymous_15)
FNDA:1,(anonymous_16)
FNDA:1,(anonymous_17)
FNDA:1,(anonymous_18)
FNDA:2,(anonymous_19)
FNDA:1,(anonymous_20)
FNDA:1,(anonymous_21)
FNDA:1,(anonymous_22)
FNDA:1,(anonymous_23)
FNDA:2,(anonymous_24)
DA:1,1
DA:20,1
DA:24,11
DA:33,11
DA:34,11
DA:35,11
DA:36,11
DA:38,11
DA:39,11
DA:40,11
DA:42,0
DA:43,0
DA:52,11
DA:53,11
DA:54,40
DA:55,40
DA:56,45
DA:57,190
DA:58,45
DA:62,40
DA:63,40
DA:65,40
DA:75,11
DA:76,11
DA:77,11
DA:78,11
DA:79,44
DA:80,186
DA:81,44
DA:85,11
DA:86,11
DA:97,4
DA:105,4
DA:113,4
DA:121,5
DA:129,5
DA:137,3
DA:145,0
DA:153,1
DA:161,1
DA:169,1
DA:177,2
DA:185,1
DA:193,1
DA:201,1
DA:208,1
DA:213,1
DA:220,2
DA:227,2
DA:228,2
LF:50
LH:47
BRDA:32,0,0,11
BRDA:38,1,0,11
BRDA:38,1,1,0
BRDA:54,2,0,40
BRDA:54,2,1,0
BRDA:57,3,0,45
BRDA:57,3,1,145
BRDA:62,4,0,40
BRDA:62,4,1,0
BRDA:77,5,0,11
BRDA:77,5,1,0
BRDA:80,6,0,44
BRDA:80,6,1,142
BRDA:85,7,0,11
BRDA:85,7,1,0
BRF:15
BRH:10
end_of_record
TN:
SF:src/Estructura/cancion.ts
FN:30,(anonymous_0)
FN:36,(anonymous_1)
FN:44,(anonymous_2)
FN:52,(anonymous_3)
FN:60,(anonymous_4)
FN:68,(anonymous_5)
FN:76,(anonymous_6)
FN:84,(anonymous_7)
FN:92,(anonymous_8)
FN:100,(anonymous_9)
FN:108,(anonymous_10)
FN:116,(anonymous_11)
FN:124,(anonymous_12)
FN:132,(anonymous_13)
FN:148,(anonymous_14)
FN:153,(anonymous_15)
FNF:16
FNH:16
FNDA:77,(anonymous_0)
FNDA:20,(anonymous_1)
FNDA:132,(anonymous_2)
FNDA:72,(anonymous_3)
FNDA:291,(anonymous_4)
FNDA:4,(anonymous_5)
FNDA:4,(anonymous_6)
FNDA:1,(anonymous_7)
FNDA:1,(anonymous_8)
FNDA:1,(anonymous_9)
FNDA:1,(anonymous_10)
FNDA:1,(anonymous_11)
FNDA:1,(anonymous_12)
FNDA:1,(anonymous_13)
FNDA:1,(anonymous_14)
FNDA:2,(anonymous_15)
DA:25,1
DA:30,77
DA:37,20
DA:45,132
DA:53,72
DA:61,291
DA:69,4
DA:77,4
DA:85,1
DA:93,1
DA:101,1
DA:109,1
DA:117,1
DA:125,1
DA:133,1
DA:134,1
DA:135,1
DA:136,1
DA:143,1
DA:148,1
DA:154,2
DA:161,2
DA:162,2
LF:23
LH:23
BRF:0
BRH:0
end_of_record
TN:
SF:src/Estructura/coleccionGenerica.ts
FN:26,(anonymous_0)
FN:35,(anonymous_1)
FN:36,(anonymous_2)
FN:44,(anonymous_3)
FN:45,(anonymous_4)
FN:53,(anonymous_5)
FN:61,(anonymous_6)
FN:68,(anonymous_7)
FN:76,(anonymous_8)
FN:83,(anonymous_9)
FN:91,(anonymous_10)
FNF:11
FNH:11
FNDA:145,(anonymous_0)
FNDA:2,(anonymous_1)
FNDA:4,(anonymous_2)
FNDA:1,(anonymous_3)
FNDA:4,(anonymous_4)
FNDA:1,(anonymous_5)
FNDA:146,(anonymous_6)
FNDA:1,(anonymous_7)
FNDA:1,(anonymous_8)
FNDA:3,(anonymous_9)
FNDA:75,(anonymous_10)
DA:16,1
DA:27,145
DA:36,2
DA:37,4
DA:45,4
DA:54,1
DA:62,146
DA:69,1
DA:77,1
DA:84,3
DA:92,75
LF:11
LH:11
BRF:0
BRH:0
end_of_record
TN:
SF:src/Estructura/generosMusicales.ts
FN:29,(anonymous_0)
FN:42,(anonymous_1)
FN:50,(anonymous_2)
FN:58,(anonymous_3)
FN:66,(anonymous_4)
FN:74,(anonymous_5)
FN:82,(anonymous_6)
FN:90,(anonymous_7)
FN:98,(anonymous_8)
FN:106,(anonymous_9)
FN:114,(anonymous_10)
FN:122,(anonymous_11)
FN:135,(anonymous_12)
FN:141,(anonymous_13)
FNF:14
FNH:14
FNDA:11,(anonymous_0)
FNDA:5,(anonymous_1)
FNDA:5,(anonymous_2)
FNDA:5,(anonymous_3)
FNDA:5,(anonymous_4)
FNDA:1,(anonymous_5)
FNDA:1,(anonymous_6)
FNDA:1,(anonymous_7)
FNDA:1,(anonymous_8)
FNDA:1,(anonymous_9)
FNDA:1,(anonymous_10)
FNDA:1,(anonymous_11)
FNDA:1,(anonymous_12)
FNDA:2,(anonymous_13)
DA:18,1
DA:22,11
DA:30,11
DA:31,11
DA:33,11
DA:34,11
DA:35,11
DA:43,5
DA:51,5
DA:59,5
DA:67,5
DA:75,1
DA:83,1
DA:91,1
DA:99,1
DA:107,1
DA:115,1
DA:123,1
DA:130,1
DA:135,1
DA:142,2
DA:147,2
DA:148,2
LF:23
LH:23
BRDA:29,0,0,11
BRF:1
BRH:1
end_of_record
TN:
SF:src/Estructura/grupo.ts
FN:33,(anonymous_0)
FN:54,(anonymous_1)
FN:56,(anonymous_2)
FN:58,(anonymous_3)
FN:59,(anonymous_4)
FN:77,(anonymous_5)
FN:79,(anonymous_6)
FN:81,(anonymous_7)
FN:82,(anonymous_8)
FN:99,(anonymous_9)
FN:107,(anonymous_10)
FN:115,(anonymous_11)
FN:123,(anonymous_12)
FN:131,(anonymous_13)
FN:139,(anonymous_14)
FN:147,(anonymous_15)
FN:155,(anonymous_16)
FN:163,(anonymous_17)
FN:171,(anonymous_18)
FN:179,(anonymous_19)
FN:187,(anonymous_20)
FN:195,(anonymous_21)
FN:203,(anonymous_22)
FN:211,(anonymous_23)
FN:219,(anonymous_24)
FN:227,(anonymous_25)
FN:240,(anonymous_26)
FN:245,(anonymous_27)
FNF:28
FNH:28
FNDA:6,(anonymous_0)
FNDA:6,(anonymous_1)
FNDA:22,(anonymous_2)
FNDA:28,(anonymous_3)
FNDA:129,(anonymous_4)
FNDA:6,(anonymous_5)
FNDA:6,(anonymous_6)
FNDA:28,(anonymous_7)
FNDA:128,(anonymous_8)
FNDA:4,(anonymous_9)
FNDA:5,(anonymous_10)
FNDA:4,(anonymous_11)
FNDA:4,(anonymous_12)
FNDA:5,(anonymous_13)
FNDA:5,(anonymous_14)
FNDA:4,(anonymous_15)
FNDA:1,(anonymous_16)
FNDA:2,(anonymous_17)
FNDA:1,(anonymous_18)
FNDA:1,(anonymous_19)
FNDA:2,(anonymous_20)
FNDA:2,(anonymous_21)
FNDA:1,(anonymous_22)
FNDA:1,(anonymous_23)
FNDA:1,(anonymous_24)
FNDA:1,(anonymous_25)
FNDA:1,(anonymous_26)
FNDA:2,(anonymous_27)
DA:3,1
DA:22,1
DA:26,6
DA:34,6
DA:35,6
DA:36,6
DA:37,6
DA:38,6
DA:40,6
DA:41,6
DA:42,6
DA:44,0
DA:45,0
DA:46,0
DA:55,6
DA:56,6
DA:57,22
DA:58,22
DA:59,28
DA:60,129
DA:61,28
DA:65,22
DA:66,22
DA:68,22
DA:78,6
DA:79,6
DA:80,6
DA:81,6
DA:82,28
DA:83,128
DA:84,22
DA:88,6
DA:89,4
DA:100,4
DA:108,5
DA:116,4
DA:124,4
DA:132,5
DA:140,5
DA:148,4
DA:156,1
DA:164,2
DA:172,1
DA:180,1
DA:188,2
DA:196,2
DA:204,1
DA:212,1
DA:220,1
DA:228,1
DA:235,1
DA:240,1
DA:246,2
DA:254,2
DA:255,2
LF:55
LH:52
BRDA:33,0,0,6
BRDA:40,1,0,6
BRDA:40,1,1,0
BRDA:57,2,0,22
BRDA:57,2,1,0
BRDA:60,3,0,28
BRDA:60,3,1,101
BRDA:65,4,0,22
BRDA:65,4,1,0
BRDA:80,5,0,6
BRDA:80,5,1,0
BRDA:83,6,0,22
BRDA:83,6,1,106
BRDA:88,7,0,4
BRDA:88,7,1,2
BRF:15
BRH:11
end_of_record
TN:
SF:src/Estructura/playlist.ts
FN:36,(anonymous_0)
FN:54,(anonymous_1)
FN:55,(anonymous_2)
FN:56,(anonymous_3)
FN:68,(anonymous_4)
FN:71,(anonymous_5)
FN:86,(anonymous_6)
FN:94,(anonymous_7)
FN:102,(anonymous_8)
FN:110,(anonymous_9)
FN:118,(anonymous_10)
FN:126,(anonymous_11)
FN:134,(anonymous_12)
FN:142,(anonymous_13)
FN:150,(anonymous_14)
FN:158,(anonymous_15)
FN:166,(anonymous_16)
FN:176,(anonymous_17)
FN:188,(anonymous_18)
FN:190,(anonymous_19)
FN:205,(anonymous_20)
FN:211,(anonymous_21)
FN:213,(anonymous_22)
FNF:23
FNH:20
FNDA:4,(anonymous_0)
FNDA:5,(anonymous_1)
FNDA:31,(anonymous_2)
FNDA:36,(anonymous_3)
FNDA:5,(anonymous_4)
FNDA:31,(anonymous_5)
FNDA:4,(anonymous_6)
FNDA:6,(anonymous_7)
FNDA:6,(anonymous_8)
FNDA:4,(anonymous_9)
FNDA:2,(anonymous_10)
FNDA:1,(anonymous_11)
FNDA:1,(anonymous_12)
FNDA:1,(anonymous_13)
FNDA:1,(anonymous_14)
FNDA:2,(anonymous_15)
FNDA:1,(anonymous_16)
FNDA:0,(anonymous_17)
FNDA:0,(anonymous_18)
FNDA:0,(anonymous_19)
FNDA:1,(anonymous_20)
FNDA:2,(anonymous_21)
FNDA:4,(anonymous_22)
DA:2,1
DA:26,1
DA:30,4
DA:37,4
DA:38,4
DA:39,4
DA:40,4
DA:42,4
DA:43,4
DA:44,4
DA:47,4
DA:55,5
DA:56,31
DA:57,36
DA:58,30
DA:69,5
DA:70,5
DA:71,5
DA:72,31
DA:73,31
DA:77,5
DA:78,5
DA:79,5
DA:87,4
DA:95,6
DA:103,6
DA:111,4
DA:119,2
DA:127,1
DA:135,1
DA:143,1
DA:151,1
DA:159,2
DA:167,1
DA:168,1
DA:169,1
DA:177,0
DA:178,0
DA:179,0
DA:180,0
DA:189,0
DA:190,0
DA:191,0
DA:193,0
DA:200,1
DA:205,1
DA:212,2
DA:213,2
DA:214,4
DA:216,2
DA:221,2
DA:222,2
LF:52
LH:44
BRDA:36,0,0,4
BRDA:42,1,0,4
BRDA:42,1,1,0
BRDA:57,2,0,30
BRDA:57,2,1,6
BRF:5
BRH:4
end_of_record
