TN:
SF:src/Modificacion/addreduce.ts
FN:11,(anonymous_0)
FN:19,(anonymous_1)
FN:21,(anonymous_2)
FN:32,(anonymous_3)
FNF:4
FNH:4
FNDA:1,(anonymous_0)
FNDA:1,(anonymous_1)
FNDA:4,(anonymous_2)
FNDA:1,(anonymous_3)
DA:1,1
DA:6,1
DA:12,1
DA:20,1
DA:21,1
DA:22,4
DA:25,1
DA:26,1
DA:33,1
LF:9
LH:9
BRF:0
BRH:0
end_of_record
TN:
SF:src/Modificacion/modificacion.ts
FN:9,(anonymous_0)
FN:15,(anonymous_1)
FN:37,(anonymous_2)
FN:45,(anonymous_3)
FN:47,(anonymous_4)
FN:54,(anonymous_5)
FNF:6
FNH:5
FNDA:3,(anonymous_0)
FNDA:3,(anonymous_1)
FNDA:3,(anonymous_2)
FNDA:3,(anonymous_3)
FNDA:12,(anonymous_4)
FNDA:0,(anonymous_5)
DA:4,1
DA:9,3
DA:17,3
DA:19,3
DA:21,3
DA:24,3
DA:26,3
DA:38,3
DA:46,3
DA:47,12
DA:48,3
LF:11
LH:11
BRF:0
BRH:0
end_of_record
TN:
SF:src/Modificacion/restreduce.ts
FN:11,(anonymous_0)
FN:19,(anonymous_1)
FN:21,(anonymous_2)
FN:32,(anonymous_3)
FNF:4
FNH:4
FNDA:2,(anonymous_0)
FNDA:2,(anonymous_1)
FNDA:8,(anonymous_2)
FNDA:2,(anonymous_3)
DA:1,1
DA:6,1
DA:12,2
DA:20,2
DA:21,2
DA:22,8
DA:25,2
DA:26,2
DA:33,2
LF:9
LH:9
BRF:0
BRH:0
end_of_record
TN:
SF:src/Notas/imprimirNota.ts
FN:11,(anonymous_0)
FN:18,(anonymous_1)
FNF:2
FNH:2
FNDA:3,(anonymous_0)
FNDA:3,(anonymous_1)
DA:6,1
DA:11,3
DA:19,3
DA:25,3
LF:4
LH:4
BRF:0
BRH:0
end_of_record
TN:
SF:src/Notas/manejarNotas.ts
FN:18,(anonymous_0)
FN:55,(anonymous_1)
FN:76,(anonymous_2)
FN:95,(anonymous_3)
FN:98,(anonymous_4)
FN:119,(anonymous_5)
FNF:6
FNH:6
FNDA:2,(anonymous_0)
FNDA:2,(anonymous_1)
FNDA:2,(anonymous_2)
FNDA:2,(anonymous_3)
FNDA:1,(anonymous_4)
FNDA:2,(anonymous_5)
DA:1,1
DA:2,1
DA:3,1
DA:4,1
DA:9,1
DA:22,2
DA:23,0
DA:25,0
DA:31,2
DA:35,2
DA:36,1
DA:38,1
DA:40,1
DA:42,1
DA:44,1
DA:56,2
DA:57,1
DA:59,1
DA:60,1
DA:62,1
DA:64,1
DA:77,2
DA:78,1
DA:79,1
DA:81,1
DA:82,1
DA:84,1
DA:86,1
DA:96,2
DA:98,1
DA:99,1
DA:100,1
DA:101,1
DA:103,1
DA:105,1
DA:107,1
DA:109,1
DA:120,2
DA:121,1
DA:122,1
DA:123,1
DA:125,1
DA:126,1
DA:128,1
DA:130,1
DA:132,1
LF:46
LH:44
BRDA:22,0,0,0
BRDA:22,0,1,2
BRDA:35,1,0,1
BRDA:35,1,1,1
BRDA:56,2,0,1
BRDA:56,2,1,1
BRDA:77,3,0,1
BRDA:77,3,1,1
BRDA:96,4,0,1
BRDA:96,4,1,1
BRDA:96,5,0,2
BRDA:96,5,1,1
BRDA:120,6,0,1
BRDA:120,6,1,1
BRF:14
BRH:13
end_of_record
TN:
SF:src/Notas/notas.ts
FN:19,(anonymous_0)
FN:25,(anonymous_1)
FN:33,(anonymous_2)
FN:41,(anonymous_3)
FN:49,(anonymous_4)
FN:57,(anonymous_5)
FN:65,(anonymous_6)
FNF:7
FNH:7
FNDA:6,(anonymous_0)
FNDA:7,(anonymous_1)
FNDA:6,(anonymous_2)
FNDA:8,(anonymous_3)
FNDA:1,(anonymous_4)
FNDA:1,(anonymous_5)
FNDA:1,(anonymous_6)
DA:12,1
DA:19,6
DA:26,7
DA:34,6
DA:42,8
DA:50,1
DA:58,1
DA:66,1
LF:8
LH:8
BRF:0
BRH:0
end_of_record
